<?xml version="1.0" encoding="UTF-8"?>
<testsuite xmlns:xsi="http://www.w3.org/2001/XMLSchema-instance" xsi:noNamespaceSchemaLocation="https://maven.apache.org/surefire/maven-surefire-plugin/xsd/surefire-test-report.xsd" name="TestSuite" time="68.063" tests="9" errors="0" skipped="0" failures="0">
  <properties>
    <property name="java.specification.version" value="17"/>
    <property name="sun.jnu.encoding" value="UTF-8"/>
    <property name="java.class.path" value="/Users/vivekdpatel/Desktop/Selenium/Selenium_Workspace/FreeCRMTest/target/test-classes:/Users/vivekdpatel/Desktop/Selenium/Selenium_Workspace/FreeCRMTest/target/classes:/Users/vivekdpatel/.m2/repository/junit/junit/4.11/junit-4.11.jar:/Users/vivekdpatel/.m2/repository/org/hamcrest/hamcrest-core/1.3/hamcrest-core-1.3.jar:/Users/vivekdpatel/.m2/repository/org/seleniumhq/selenium/selenium-java/4.2.2/selenium-java-4.2.2.jar:/Users/vivekdpatel/.m2/repository/org/seleniumhq/selenium/selenium-api/4.2.2/selenium-api-4.2.2.jar:/Users/vivekdpatel/.m2/repository/org/seleniumhq/selenium/selenium-chrome-driver/4.2.2/selenium-chrome-driver-4.2.2.jar:/Users/vivekdpatel/.m2/repository/com/google/auto/service/auto-service-annotations/1.0.1/auto-service-annotations-1.0.1.jar:/Users/vivekdpatel/.m2/repository/com/google/auto/service/auto-service/1.0.1/auto-service-1.0.1.jar:/Users/vivekdpatel/.m2/repository/com/google/auto/auto-common/1.2/auto-common-1.2.jar:/Users/vivekdpatel/.m2/repository/com/google/guava/guava/31.1-jre/guava-31.1-jre.jar:/Users/vivekdpatel/.m2/repository/com/google/guava/failureaccess/1.0.1/failureaccess-1.0.1.jar:/Users/vivekdpatel/.m2/repository/com/google/guava/listenablefuture/9999.0-empty-to-avoid-conflict-with-guava/listenablefuture-9999.0-empty-to-avoid-conflict-with-guava.jar:/Users/vivekdpatel/.m2/repository/org/checkerframework/checker-qual/3.12.0/checker-qual-3.12.0.jar:/Users/vivekdpatel/.m2/repository/com/google/errorprone/error_prone_annotations/2.11.0/error_prone_annotations-2.11.0.jar:/Users/vivekdpatel/.m2/repository/com/google/j2objc/j2objc-annotations/1.3/j2objc-annotations-1.3.jar:/Users/vivekdpatel/.m2/repository/org/seleniumhq/selenium/selenium-chromium-driver/4.2.2/selenium-chromium-driver-4.2.2.jar:/Users/vivekdpatel/.m2/repository/org/seleniumhq/selenium/selenium-json/4.2.2/selenium-json-4.2.2.jar:/Users/vivekdpatel/.m2/repository/org/seleniumhq/selenium/selenium-devtools-v100/4.2.2/selenium-devtools-v100-4.2.2.jar:/Users/vivekdpatel/.m2/repository/org/seleniumhq/selenium/selenium-devtools-v101/4.2.2/selenium-devtools-v101-4.2.2.jar:/Users/vivekdpatel/.m2/repository/org/seleniumhq/selenium/selenium-devtools-v102/4.2.2/selenium-devtools-v102-4.2.2.jar:/Users/vivekdpatel/.m2/repository/org/seleniumhq/selenium/selenium-devtools-v85/4.2.2/selenium-devtools-v85-4.2.2.jar:/Users/vivekdpatel/.m2/repository/org/seleniumhq/selenium/selenium-edge-driver/4.2.2/selenium-edge-driver-4.2.2.jar:/Users/vivekdpatel/.m2/repository/org/seleniumhq/selenium/selenium-firefox-driver/4.2.2/selenium-firefox-driver-4.2.2.jar:/Users/vivekdpatel/.m2/repository/org/seleniumhq/selenium/selenium-ie-driver/4.2.2/selenium-ie-driver-4.2.2.jar:/Users/vivekdpatel/.m2/repository/org/seleniumhq/selenium/selenium-opera-driver/4.2.2/selenium-opera-driver-4.2.2.jar:/Users/vivekdpatel/.m2/repository/org/seleniumhq/selenium/selenium-remote-driver/4.2.2/selenium-remote-driver-4.2.2.jar:/Users/vivekdpatel/.m2/repository/io/netty/netty-buffer/4.1.77.Final/netty-buffer-4.1.77.Final.jar:/Users/vivekdpatel/.m2/repository/io/netty/netty-codec-http/4.1.77.Final/netty-codec-http-4.1.77.Final.jar:/Users/vivekdpatel/.m2/repository/io/netty/netty-codec/4.1.77.Final/netty-codec-4.1.77.Final.jar:/Users/vivekdpatel/.m2/repository/io/netty/netty-handler/4.1.77.Final/netty-handler-4.1.77.Final.jar:/Users/vivekdpatel/.m2/repository/io/netty/netty-common/4.1.77.Final/netty-common-4.1.77.Final.jar:/Users/vivekdpatel/.m2/repository/io/netty/netty-transport-classes-epoll/4.1.77.Final/netty-transport-classes-epoll-4.1.77.Final.jar:/Users/vivekdpatel/.m2/repository/io/netty/netty-transport-classes-kqueue/4.1.77.Final/netty-transport-classes-kqueue-4.1.77.Final.jar:/Users/vivekdpatel/.m2/repository/io/netty/netty-transport-native-epoll/4.1.77.Final/netty-transport-native-epoll-4.1.77.Final.jar:/Users/vivekdpatel/.m2/repository/io/netty/netty-transport-native-kqueue/4.1.77.Final/netty-transport-native-kqueue-4.1.77.Final.jar:/Users/vivekdpatel/.m2/repository/io/netty/netty-transport-native-unix-common/4.1.77.Final/netty-transport-native-unix-common-4.1.77.Final.jar:/Users/vivekdpatel/.m2/repository/io/netty/netty-transport/4.1.77.Final/netty-transport-4.1.77.Final.jar:/Users/vivekdpatel/.m2/repository/io/netty/netty-resolver/4.1.77.Final/netty-resolver-4.1.77.Final.jar:/Users/vivekdpatel/.m2/repository/io/opentelemetry/opentelemetry-api/1.14.0/opentelemetry-api-1.14.0.jar:/Users/vivekdpatel/.m2/repository/io/opentelemetry/opentelemetry-context/1.14.0/opentelemetry-context-1.14.0.jar:/Users/vivekdpatel/.m2/repository/io/opentelemetry/opentelemetry-exporter-logging/1.14.0/opentelemetry-exporter-logging-1.14.0.jar:/Users/vivekdpatel/.m2/repository/io/opentelemetry/opentelemetry-sdk-metrics/1.14.0/opentelemetry-sdk-metrics-1.14.0.jar:/Users/vivekdpatel/.m2/repository/io/opentelemetry/opentelemetry-sdk-logs/1.14.0-alpha/opentelemetry-sdk-logs-1.14.0-alpha.jar:/Users/vivekdpatel/.m2/repository/io/opentelemetry/opentelemetry-sdk-common/1.14.0/opentelemetry-sdk-common-1.14.0.jar:/Users/vivekdpatel/.m2/repository/io/opentelemetry/opentelemetry-sdk-extension-autoconfigure-spi/1.14.0/opentelemetry-sdk-extension-autoconfigure-spi-1.14.0.jar:/Users/vivekdpatel/.m2/repository/io/opentelemetry/opentelemetry-sdk-extension-autoconfigure/1.14.0-alpha/opentelemetry-sdk-extension-autoconfigure-1.14.0-alpha.jar:/Users/vivekdpatel/.m2/repository/io/opentelemetry/opentelemetry-sdk-trace/1.14.0/opentelemetry-sdk-trace-1.14.0.jar:/Users/vivekdpatel/.m2/repository/io/opentelemetry/opentelemetry-sdk/1.14.0/opentelemetry-sdk-1.14.0.jar:/Users/vivekdpatel/.m2/repository/io/opentelemetry/opentelemetry-semconv/1.14.0-alpha/opentelemetry-semconv-1.14.0-alpha.jar:/Users/vivekdpatel/.m2/repository/io/ous/jtoml/2.0.0/jtoml-2.0.0.jar:/Users/vivekdpatel/.m2/repository/net/bytebuddy/byte-buddy/1.12.10/byte-buddy-1.12.10.jar:/Users/vivekdpatel/.m2/repository/org/apache/commons/commons-exec/1.3/commons-exec-1.3.jar:/Users/vivekdpatel/.m2/repository/org/asynchttpclient/async-http-client/2.12.3/async-http-client-2.12.3.jar:/Users/vivekdpatel/.m2/repository/org/asynchttpclient/async-http-client-netty-utils/2.12.3/async-http-client-netty-utils-2.12.3.jar:/Users/vivekdpatel/.m2/repository/io/netty/netty-codec-socks/4.1.60.Final/netty-codec-socks-4.1.60.Final.jar:/Users/vivekdpatel/.m2/repository/io/netty/netty-handler-proxy/4.1.60.Final/netty-handler-proxy-4.1.60.Final.jar:/Users/vivekdpatel/.m2/repository/io/netty/netty-transport-native-epoll/4.1.60.Final/netty-transport-native-epoll-4.1.60.Final-linux-x86_64.jar:/Users/vivekdpatel/.m2/repository/io/netty/netty-transport-native-kqueue/4.1.60.Final/netty-transport-native-kqueue-4.1.60.Final-osx-x86_64.jar:/Users/vivekdpatel/.m2/repository/org/reactivestreams/reactive-streams/1.0.3/reactive-streams-1.0.3.jar:/Users/vivekdpatel/.m2/repository/com/typesafe/netty/netty-reactive-streams/2.0.4/netty-reactive-streams-2.0.4.jar:/Users/vivekdpatel/.m2/repository/com/sun/activation/jakarta.activation/1.2.2/jakarta.activation-1.2.2.jar:/Users/vivekdpatel/.m2/repository/org/seleniumhq/selenium/selenium-http/4.2.2/selenium-http-4.2.2.jar:/Users/vivekdpatel/.m2/repository/dev/failsafe/failsafe/3.2.4/failsafe-3.2.4.jar:/Users/vivekdpatel/.m2/repository/org/seleniumhq/selenium/selenium-safari-driver/4.2.2/selenium-safari-driver-4.2.2.jar:/Users/vivekdpatel/.m2/repository/org/seleniumhq/selenium/selenium-support/4.2.2/selenium-support-4.2.2.jar:/Users/vivekdpatel/.m2/repository/org/testng/testng/7.6.0/testng-7.6.0.jar:/Users/vivekdpatel/.m2/repository/com/google/code/findbugs/jsr305/3.0.2/jsr305-3.0.2.jar:/Users/vivekdpatel/.m2/repository/org/slf4j/slf4j-api/1.7.36/slf4j-api-1.7.36.jar:/Users/vivekdpatel/.m2/repository/com/beust/jcommander/1.82/jcommander-1.82.jar:/Users/vivekdpatel/.m2/repository/org/webjars/jquery/3.6.0/jquery-3.6.0.jar:/Users/vivekdpatel/.m2/repository/org/apache/poi/poi/3.9/poi-3.9.jar:/Users/vivekdpatel/.m2/repository/commons-codec/commons-codec/1.5/commons-codec-1.5.jar:/Users/vivekdpatel/.m2/repository/org/apache/poi/poi-ooxml/3.9/poi-ooxml-3.9.jar:/Users/vivekdpatel/.m2/repository/dom4j/dom4j/1.6.1/dom4j-1.6.1.jar:/Users/vivekdpatel/.m2/repository/xml-apis/xml-apis/1.0.b2/xml-apis-1.0.b2.jar:/Users/vivekdpatel/.m2/repository/org/apache/poi/poi-ooxml-schemas/3.9/poi-ooxml-schemas-3.9.jar:/Users/vivekdpatel/.m2/repository/org/apache/xmlbeans/xmlbeans/2.3.0/xmlbeans-2.3.0.jar:/Users/vivekdpatel/.m2/repository/stax/stax-api/1.0.1/stax-api-1.0.1.jar:/Users/vivekdpatel/.m2/repository/org/apache/poi/poi-scratchpad/3.9/poi-scratchpad-3.9.jar:/Users/vivekdpatel/.m2/repository/org/apache/poi/ooxml-schemas/1.1/ooxml-schemas-1.1.jar:/Users/vivekdpatel/.m2/repository/org/apache/poi/openxml4j/1.0-beta/openxml4j-1.0-beta.jar:/Users/vivekdpatel/.m2/repository/log4j/log4j/1.2.8/log4j-1.2.8.jar:/Users/vivekdpatel/.m2/repository/com/relevantcodes/extentreports/2.41.2/extentreports-2.41.2.jar:/Users/vivekdpatel/.m2/repository/org/jsoup/jsoup/1.8.3/jsoup-1.8.3.jar:/Users/vivekdpatel/.m2/repository/org/xerial/sqlite-jdbc/3.8.11.1/sqlite-jdbc-3.8.11.1.jar:/Users/vivekdpatel/.m2/repository/org/freemarker/freemarker/2.3.23/freemarker-2.3.23.jar:/Users/vivekdpatel/.m2/repository/org/mongodb/mongodb-driver/3.0.4/mongodb-driver-3.0.4.jar:/Users/vivekdpatel/.m2/repository/org/mongodb/bson/3.0.4/bson-3.0.4.jar:/Users/vivekdpatel/.m2/repository/org/mongodb/mongodb-driver-core/3.0.4/mongodb-driver-core-3.0.4.jar:/Users/vivekdpatel/.m2/repository/commons-io/commons-io/2.6/commons-io-2.6.jar:"/>
    <property name="java.vm.vendor" value="Oracle Corporation"/>
    <property name="sun.arch.data.model" value="64"/>
    <property name="java.vendor.url" value="https://java.oracle.com/"/>
    <property name="os.name" value="Mac OS X"/>
    <property name="java.vm.specification.version" value="17"/>
    <property name="sun.java.launcher" value="SUN_STANDARD"/>
    <property name="user.country" value="IN"/>
    <property name="sun.boot.library.path" value="/Library/Java/JavaVirtualMachines/jdk-17.0.4.jdk/Contents/Home/lib"/>
    <property name="sun.java.command" value="/Users/vivekdpatel/Desktop/Selenium/Selenium_Workspace/FreeCRMTest/target/surefire/surefirebooter17529798217388538876.jar /Users/vivekdpatel/Desktop/Selenium/Selenium_Workspace/FreeCRMTest/target/surefire 2022-08-10T13-43-20_113-jvmRun1 surefire1195754206542754502tmp surefire_0639956653851974887tmp"/>
    <property name="http.nonProxyHosts" value="local|*.local|169.254/16|*.169.254/16"/>
    <property name="jdk.debug" value="release"/>
    <property name="surefire.test.class.path" value="/Users/vivekdpatel/Desktop/Selenium/Selenium_Workspace/FreeCRMTest/target/test-classes:/Users/vivekdpatel/Desktop/Selenium/Selenium_Workspace/FreeCRMTest/target/classes:/Users/vivekdpatel/.m2/repository/junit/junit/4.11/junit-4.11.jar:/Users/vivekdpatel/.m2/repository/org/hamcrest/hamcrest-core/1.3/hamcrest-core-1.3.jar:/Users/vivekdpatel/.m2/repository/org/seleniumhq/selenium/selenium-java/4.2.2/selenium-java-4.2.2.jar:/Users/vivekdpatel/.m2/repository/org/seleniumhq/selenium/selenium-api/4.2.2/selenium-api-4.2.2.jar:/Users/vivekdpatel/.m2/repository/org/seleniumhq/selenium/selenium-chrome-driver/4.2.2/selenium-chrome-driver-4.2.2.jar:/Users/vivekdpatel/.m2/repository/com/google/auto/service/auto-service-annotations/1.0.1/auto-service-annotations-1.0.1.jar:/Users/vivekdpatel/.m2/repository/com/google/auto/service/auto-service/1.0.1/auto-service-1.0.1.jar:/Users/vivekdpatel/.m2/repository/com/google/auto/auto-common/1.2/auto-common-1.2.jar:/Users/vivekdpatel/.m2/repository/com/google/guava/guava/31.1-jre/guava-31.1-jre.jar:/Users/vivekdpatel/.m2/repository/com/google/guava/failureaccess/1.0.1/failureaccess-1.0.1.jar:/Users/vivekdpatel/.m2/repository/com/google/guava/listenablefuture/9999.0-empty-to-avoid-conflict-with-guava/listenablefuture-9999.0-empty-to-avoid-conflict-with-guava.jar:/Users/vivekdpatel/.m2/repository/org/checkerframework/checker-qual/3.12.0/checker-qual-3.12.0.jar:/Users/vivekdpatel/.m2/repository/com/google/errorprone/error_prone_annotations/2.11.0/error_prone_annotations-2.11.0.jar:/Users/vivekdpatel/.m2/repository/com/google/j2objc/j2objc-annotations/1.3/j2objc-annotations-1.3.jar:/Users/vivekdpatel/.m2/repository/org/seleniumhq/selenium/selenium-chromium-driver/4.2.2/selenium-chromium-driver-4.2.2.jar:/Users/vivekdpatel/.m2/repository/org/seleniumhq/selenium/selenium-json/4.2.2/selenium-json-4.2.2.jar:/Users/vivekdpatel/.m2/repository/org/seleniumhq/selenium/selenium-devtools-v100/4.2.2/selenium-devtools-v100-4.2.2.jar:/Users/vivekdpatel/.m2/repository/org/seleniumhq/selenium/selenium-devtools-v101/4.2.2/selenium-devtools-v101-4.2.2.jar:/Users/vivekdpatel/.m2/repository/org/seleniumhq/selenium/selenium-devtools-v102/4.2.2/selenium-devtools-v102-4.2.2.jar:/Users/vivekdpatel/.m2/repository/org/seleniumhq/selenium/selenium-devtools-v85/4.2.2/selenium-devtools-v85-4.2.2.jar:/Users/vivekdpatel/.m2/repository/org/seleniumhq/selenium/selenium-edge-driver/4.2.2/selenium-edge-driver-4.2.2.jar:/Users/vivekdpatel/.m2/repository/org/seleniumhq/selenium/selenium-firefox-driver/4.2.2/selenium-firefox-driver-4.2.2.jar:/Users/vivekdpatel/.m2/repository/org/seleniumhq/selenium/selenium-ie-driver/4.2.2/selenium-ie-driver-4.2.2.jar:/Users/vivekdpatel/.m2/repository/org/seleniumhq/selenium/selenium-opera-driver/4.2.2/selenium-opera-driver-4.2.2.jar:/Users/vivekdpatel/.m2/repository/org/seleniumhq/selenium/selenium-remote-driver/4.2.2/selenium-remote-driver-4.2.2.jar:/Users/vivekdpatel/.m2/repository/io/netty/netty-buffer/4.1.77.Final/netty-buffer-4.1.77.Final.jar:/Users/vivekdpatel/.m2/repository/io/netty/netty-codec-http/4.1.77.Final/netty-codec-http-4.1.77.Final.jar:/Users/vivekdpatel/.m2/repository/io/netty/netty-codec/4.1.77.Final/netty-codec-4.1.77.Final.jar:/Users/vivekdpatel/.m2/repository/io/netty/netty-handler/4.1.77.Final/netty-handler-4.1.77.Final.jar:/Users/vivekdpatel/.m2/repository/io/netty/netty-common/4.1.77.Final/netty-common-4.1.77.Final.jar:/Users/vivekdpatel/.m2/repository/io/netty/netty-transport-classes-epoll/4.1.77.Final/netty-transport-classes-epoll-4.1.77.Final.jar:/Users/vivekdpatel/.m2/repository/io/netty/netty-transport-classes-kqueue/4.1.77.Final/netty-transport-classes-kqueue-4.1.77.Final.jar:/Users/vivekdpatel/.m2/repository/io/netty/netty-transport-native-epoll/4.1.77.Final/netty-transport-native-epoll-4.1.77.Final.jar:/Users/vivekdpatel/.m2/repository/io/netty/netty-transport-native-kqueue/4.1.77.Final/netty-transport-native-kqueue-4.1.77.Final.jar:/Users/vivekdpatel/.m2/repository/io/netty/netty-transport-native-unix-common/4.1.77.Final/netty-transport-native-unix-common-4.1.77.Final.jar:/Users/vivekdpatel/.m2/repository/io/netty/netty-transport/4.1.77.Final/netty-transport-4.1.77.Final.jar:/Users/vivekdpatel/.m2/repository/io/netty/netty-resolver/4.1.77.Final/netty-resolver-4.1.77.Final.jar:/Users/vivekdpatel/.m2/repository/io/opentelemetry/opentelemetry-api/1.14.0/opentelemetry-api-1.14.0.jar:/Users/vivekdpatel/.m2/repository/io/opentelemetry/opentelemetry-context/1.14.0/opentelemetry-context-1.14.0.jar:/Users/vivekdpatel/.m2/repository/io/opentelemetry/opentelemetry-exporter-logging/1.14.0/opentelemetry-exporter-logging-1.14.0.jar:/Users/vivekdpatel/.m2/repository/io/opentelemetry/opentelemetry-sdk-metrics/1.14.0/opentelemetry-sdk-metrics-1.14.0.jar:/Users/vivekdpatel/.m2/repository/io/opentelemetry/opentelemetry-sdk-logs/1.14.0-alpha/opentelemetry-sdk-logs-1.14.0-alpha.jar:/Users/vivekdpatel/.m2/repository/io/opentelemetry/opentelemetry-sdk-common/1.14.0/opentelemetry-sdk-common-1.14.0.jar:/Users/vivekdpatel/.m2/repository/io/opentelemetry/opentelemetry-sdk-extension-autoconfigure-spi/1.14.0/opentelemetry-sdk-extension-autoconfigure-spi-1.14.0.jar:/Users/vivekdpatel/.m2/repository/io/opentelemetry/opentelemetry-sdk-extension-autoconfigure/1.14.0-alpha/opentelemetry-sdk-extension-autoconfigure-1.14.0-alpha.jar:/Users/vivekdpatel/.m2/repository/io/opentelemetry/opentelemetry-sdk-trace/1.14.0/opentelemetry-sdk-trace-1.14.0.jar:/Users/vivekdpatel/.m2/repository/io/opentelemetry/opentelemetry-sdk/1.14.0/opentelemetry-sdk-1.14.0.jar:/Users/vivekdpatel/.m2/repository/io/opentelemetry/opentelemetry-semconv/1.14.0-alpha/opentelemetry-semconv-1.14.0-alpha.jar:/Users/vivekdpatel/.m2/repository/io/ous/jtoml/2.0.0/jtoml-2.0.0.jar:/Users/vivekdpatel/.m2/repository/net/bytebuddy/byte-buddy/1.12.10/byte-buddy-1.12.10.jar:/Users/vivekdpatel/.m2/repository/org/apache/commons/commons-exec/1.3/commons-exec-1.3.jar:/Users/vivekdpatel/.m2/repository/org/asynchttpclient/async-http-client/2.12.3/async-http-client-2.12.3.jar:/Users/vivekdpatel/.m2/repository/org/asynchttpclient/async-http-client-netty-utils/2.12.3/async-http-client-netty-utils-2.12.3.jar:/Users/vivekdpatel/.m2/repository/io/netty/netty-codec-socks/4.1.60.Final/netty-codec-socks-4.1.60.Final.jar:/Users/vivekdpatel/.m2/repository/io/netty/netty-handler-proxy/4.1.60.Final/netty-handler-proxy-4.1.60.Final.jar:/Users/vivekdpatel/.m2/repository/io/netty/netty-transport-native-epoll/4.1.60.Final/netty-transport-native-epoll-4.1.60.Final-linux-x86_64.jar:/Users/vivekdpatel/.m2/repository/io/netty/netty-transport-native-kqueue/4.1.60.Final/netty-transport-native-kqueue-4.1.60.Final-osx-x86_64.jar:/Users/vivekdpatel/.m2/repository/org/reactivestreams/reactive-streams/1.0.3/reactive-streams-1.0.3.jar:/Users/vivekdpatel/.m2/repository/com/typesafe/netty/netty-reactive-streams/2.0.4/netty-reactive-streams-2.0.4.jar:/Users/vivekdpatel/.m2/repository/com/sun/activation/jakarta.activation/1.2.2/jakarta.activation-1.2.2.jar:/Users/vivekdpatel/.m2/repository/org/seleniumhq/selenium/selenium-http/4.2.2/selenium-http-4.2.2.jar:/Users/vivekdpatel/.m2/repository/dev/failsafe/failsafe/3.2.4/failsafe-3.2.4.jar:/Users/vivekdpatel/.m2/repository/org/seleniumhq/selenium/selenium-safari-driver/4.2.2/selenium-safari-driver-4.2.2.jar:/Users/vivekdpatel/.m2/repository/org/seleniumhq/selenium/selenium-support/4.2.2/selenium-support-4.2.2.jar:/Users/vivekdpatel/.m2/repository/org/testng/testng/7.6.0/testng-7.6.0.jar:/Users/vivekdpatel/.m2/repository/com/google/code/findbugs/jsr305/3.0.2/jsr305-3.0.2.jar:/Users/vivekdpatel/.m2/repository/org/slf4j/slf4j-api/1.7.36/slf4j-api-1.7.36.jar:/Users/vivekdpatel/.m2/repository/com/beust/jcommander/1.82/jcommander-1.82.jar:/Users/vivekdpatel/.m2/repository/org/webjars/jquery/3.6.0/jquery-3.6.0.jar:/Users/vivekdpatel/.m2/repository/org/apache/poi/poi/3.9/poi-3.9.jar:/Users/vivekdpatel/.m2/repository/commons-codec/commons-codec/1.5/commons-codec-1.5.jar:/Users/vivekdpatel/.m2/repository/org/apache/poi/poi-ooxml/3.9/poi-ooxml-3.9.jar:/Users/vivekdpatel/.m2/repository/dom4j/dom4j/1.6.1/dom4j-1.6.1.jar:/Users/vivekdpatel/.m2/repository/xml-apis/xml-apis/1.0.b2/xml-apis-1.0.b2.jar:/Users/vivekdpatel/.m2/repository/org/apache/poi/poi-ooxml-schemas/3.9/poi-ooxml-schemas-3.9.jar:/Users/vivekdpatel/.m2/repository/org/apache/xmlbeans/xmlbeans/2.3.0/xmlbeans-2.3.0.jar:/Users/vivekdpatel/.m2/repository/stax/stax-api/1.0.1/stax-api-1.0.1.jar:/Users/vivekdpatel/.m2/repository/org/apache/poi/poi-scratchpad/3.9/poi-scratchpad-3.9.jar:/Users/vivekdpatel/.m2/repository/org/apache/poi/ooxml-schemas/1.1/ooxml-schemas-1.1.jar:/Users/vivekdpatel/.m2/repository/org/apache/poi/openxml4j/1.0-beta/openxml4j-1.0-beta.jar:/Users/vivekdpatel/.m2/repository/log4j/log4j/1.2.8/log4j-1.2.8.jar:/Users/vivekdpatel/.m2/repository/com/relevantcodes/extentreports/2.41.2/extentreports-2.41.2.jar:/Users/vivekdpatel/.m2/repository/org/jsoup/jsoup/1.8.3/jsoup-1.8.3.jar:/Users/vivekdpatel/.m2/repository/org/xerial/sqlite-jdbc/3.8.11.1/sqlite-jdbc-3.8.11.1.jar:/Users/vivekdpatel/.m2/repository/org/freemarker/freemarker/2.3.23/freemarker-2.3.23.jar:/Users/vivekdpatel/.m2/repository/org/mongodb/mongodb-driver/3.0.4/mongodb-driver-3.0.4.jar:/Users/vivekdpatel/.m2/repository/org/mongodb/bson/3.0.4/bson-3.0.4.jar:/Users/vivekdpatel/.m2/repository/org/mongodb/mongodb-driver-core/3.0.4/mongodb-driver-core-3.0.4.jar:/Users/vivekdpatel/.m2/repository/commons-io/commons-io/2.6/commons-io-2.6.jar:"/>
    <property name="sun.cpu.endian" value="little"/>
    <property name="user.home" value="/Users/vivekdpatel"/>
    <property name="user.language" value="en"/>
    <property name="java.specification.vendor" value="Oracle Corporation"/>
    <property name="java.version.date" value="2022-07-19"/>
    <property name="java.home" value="/Library/Java/JavaVirtualMachines/jdk-17.0.4.jdk/Contents/Home"/>
    <property name="file.separator" value="/"/>
    <property name="basedir" value="/Users/vivekdpatel/Desktop/Selenium/Selenium_Workspace/FreeCRMTest"/>
    <property name="java.vm.compressedOopsMode" value="Zero based"/>
    <property name="line.separator" value="&#10;"/>
    <property name="java.specification.name" value="Java Platform API Specification"/>
    <property name="java.vm.specification.vendor" value="Oracle Corporation"/>
    <property name="surefire.real.class.path" value="/Users/vivekdpatel/Desktop/Selenium/Selenium_Workspace/FreeCRMTest/target/surefire/surefirebooter17529798217388538876.jar"/>
    <property name="sun.management.compiler" value="HotSpot 64-Bit Tiered Compilers"/>
    <property name="ftp.nonProxyHosts" value="local|*.local|169.254/16|*.169.254/16"/>
    <property name="java.runtime.version" value="17.0.4+11-LTS-179"/>
    <property name="user.name" value="vivekdpatel"/>
    <property name="path.separator" value=":"/>
    <property name="os.version" value="12.0.1"/>
    <property name="java.runtime.name" value="Java(TM) SE Runtime Environment"/>
    <property name="file.encoding" value="UTF-8"/>
    <property name="java.vm.name" value="Java HotSpot(TM) 64-Bit Server VM"/>
    <property name="localRepository" value="/Users/vivekdpatel/.m2/repository"/>
    <property name="java.vendor.url.bug" value="https://bugreport.java.com/bugreport/"/>
    <property name="java.io.tmpdir" value="/var/folders/bs/g_k5jb1j7sld_wc5qqfx423m0000gn/T/"/>
    <property name="java.version" value="17.0.4"/>
    <property name="user.dir" value="/Users/vivekdpatel/Desktop/Selenium/Selenium_Workspace/FreeCRMTest"/>
    <property name="os.arch" value="x86_64"/>
    <property name="java.vm.specification.name" value="Java Virtual Machine Specification"/>
    <property name="native.encoding" value="UTF-8"/>
    <property name="java.library.path" value="/Users/vivekdpatel/Library/Java/Extensions:/Library/Java/Extensions:/Network/Library/Java/Extensions:/System/Library/Java/Extensions:/usr/lib/java:."/>
    <property name="java.vm.info" value="mixed mode, sharing"/>
    <property name="java.vendor" value="Oracle Corporation"/>
    <property name="java.vm.version" value="17.0.4+11-LTS-179"/>
    <property name="sun.io.unicode.encoding" value="UnicodeBig"/>
    <property name="socksNonProxyHosts" value="local|*.local|169.254/16|*.169.254/16"/>
    <property name="java.class.version" value="61.0"/>
  </properties>
  <testcase name="verifyContactsPageLabel" classname="com.crm.qa.testcases.ContactsPageTest" time="0.047"/>
  <testcase name="selectSingleContactsTest" classname="com.crm.qa.testcases.ContactsPageTest" time="0.061"/>
  <testcase name="selectMultipleContactsTest" classname="com.crm.qa.testcases.ContactsPageTest" time="0.133"/>
  <testcase name="verifyHomePageTitleTest" classname="com.crm.qa.testcases.HomePageTest" time="0.006"/>
  <testcase name="verifyUserNameTest" classname="com.crm.qa.testcases.HomePageTest" time="0.067"/>
  <testcase name="verifyContactsLinkTest" classname="com.crm.qa.testcases.HomePageTest" time="0.503"/>
  <testcase name="loginPageTitleTest" classname="com.crm.qa.testcases.LoginPageTest" time="0.021"/>
  <testcase name="crmLogoImagetest" classname="com.crm.qa.testcases.LoginPageTest" time="2.044"/>
  <testcase name="loginTest" classname="com.crm.qa.testcases.LoginPageTest" time="5.31"/>
</testsuite>