<?xml version="1.0" encoding="UTF-8"?>
<!-- Generated by org.testng.reporters.JUnitReportReporter -->
<testsuite hostname="Viveks-MacBook-Pro.local" failures="0" tests="3" name="com.crm.qa.testcases.LoginPageTest" time="17.764" errors="0" timestamp="10 Aug 2022 19:02:27 GMT" skipped="0">
  <testcase classname="com.crm.qa.testcases.LoginPageTest" name="loginPageTitleTest" time="2.742"/>
  <testcase classname="com.crm.qa.testcases.LoginPageTest" name="crmLogoImagetest" time="7.192"/>
  <testcase classname="com.crm.qa.testcases.LoginPageTest" name="loginTest" time="7.830"/>
</testsuite> <!-- com.crm.qa.testcases.LoginPageTest -->
