<?xml version="1.0" encoding="UTF-8"?>
<!-- Generated by org.testng.reporters.JUnitReportReporter -->
<testsuite hostname="Viveks-MacBook-Pro.local" failures="0" tests="3" name="com.crm.qa.testcases.LoginPageTest" time="17.793" errors="0" timestamp="2022-08-10T13:44:29 GMT-06:00" skipped="0">
  <testcase classname="com.crm.qa.testcases.LoginPageTest" name="loginPageTitleTest" time="2.750"/>
  <system-out/>
  <testcase classname="com.crm.qa.testcases.LoginPageTest" name="crmLogoImagetest" time="4.929"/>
  <system-out/>
  <testcase classname="com.crm.qa.testcases.LoginPageTest" name="loginTest" time="10.114"/>
  <system-out/>
</testsuite> <!-- com.crm.qa.testcases.LoginPageTest -->
