<?xml version="1.0" encoding="UTF-8"?>
<!-- Generated by org.testng.reporters.JUnitReportReporter -->
<testsuite hostname="Viveks-MacBook-Pro.local" failures="0" tests="3" name="com.crm.qa.testcases.HomePageTest" time="20.962" errors="0" timestamp="2022-08-10T13:44:29 GMT-06:00" skipped="0">
  <testcase classname="com.crm.qa.testcases.HomePageTest" name="verifyHomePageTitleTest" time="6.107"/>
  <system-out/>
  <testcase classname="com.crm.qa.testcases.HomePageTest" name="verifyUserNameTest" time="6.989"/>
  <system-out/>
  <testcase classname="com.crm.qa.testcases.HomePageTest" name="verifyContactsLinkTest" time="7.866"/>
  <system-out/>
</testsuite> <!-- com.crm.qa.testcases.HomePageTest -->
